<?xml version="1.0" encoding="UTF-8"?>
<testng-results ignored="0" total="1" passed="1" failed="0" skipped="0">
  <reporter-output>
  </reporter-output>
  <suite started-at="2021-08-26T09:53:20 BST" name="Default suite" finished-at="2021-08-26T09:53:22 BST" duration-ms="1752">
    <groups>
    </groups>
    <test started-at="2021-08-26T09:53:20 BST" name="Default test" finished-at="2021-08-26T09:53:22 BST" duration-ms="1752">
      <class name="TC003_GET_Request">
        <test-method signature="googleMapTest()[pri:0, instance:TC003_GET_Request@38c5cc4c]" started-at="2021-08-26T09:53:20 BST" name="googleMapTest" finished-at="2021-08-26T09:53:22 BST" duration-ms="1712" status="PASS">
          <reporter-output>
          </reporter-output>
        </test-method> <!-- googleMapTest -->
      </class> <!-- TC003_GET_Request -->
    </test> <!-- Default test -->
  </suite> <!-- Default suite -->
</testng-results>
